I, [2022-03-24T11:39:20.685130 #68397]  INFO -- Kitchen: -----> Starting Test Kitchen (v3.2.2)
I, [2022-03-24T11:39:20.982400 #68397]  INFO -- Kitchen: -----> Destroying <default-archlinux>...
I, [2022-03-24T11:39:20.982685 #68397]  INFO -- Kitchen: [Docker] Destroying Docker container 36f673392d70d83cf9456c05ae2fc84403defb30e68af6dfe7d0eaf0f494a51e
I, [2022-03-24T11:39:21.131618 #68397]  INFO -- Kitchen: UID                 PID                 PPID                C                   STIME               TTY                 TIME                CMD
I, [2022-03-24T11:39:21.131704 #68397]  INFO -- Kitchen: root                18642               18616               0                   10:36               ?                   00:00:00            /usr/lib/systemd/systemd
I, [2022-03-24T11:39:21.131810 #68397]  INFO -- Kitchen: 81                  19285               18642               0                   10:36               ?                   00:00:00            /usr/bin/dbus-daemon --system --address=systemd: --nofork --nopidfile --systemd-activation --syslog-only
I, [2022-03-24T11:39:21.131839 #68397]  INFO -- Kitchen: root                19310               18642               0                   10:36               tty1                00:00:00            /sbin/agetty -o -p -- \u --noclear - linux
I, [2022-03-24T11:39:21.131864 #68397]  INFO -- Kitchen: root                19301               18642               0                   10:36               ?                   00:00:00            /usr/lib/systemd/systemd-homed
I, [2022-03-24T11:39:21.131886 #68397]  INFO -- Kitchen: root                18695               18642               0                   10:36               ?                   00:00:00            /usr/lib/systemd/systemd-journald
I, [2022-03-24T11:39:21.131909 #68397]  INFO -- Kitchen: root                19295               18642               0                   10:36               ?                   00:00:00            /usr/lib/systemd/systemd-logind
I, [2022-03-24T11:39:21.131929 #68397]  INFO -- Kitchen: 980                 19299               18642               0                   10:36               ?                   00:00:00            /usr/lib/systemd/systemd-networkd
I, [2022-03-24T11:39:21.131950 #68397]  INFO -- Kitchen: 977                 19308               18642               0                   10:36               ?                   00:00:00            /usr/lib/systemd/systemd-resolved
I, [2022-03-24T11:39:21.131969 #68397]  INFO -- Kitchen: root                19279               18642               0                   10:36               ?                   00:00:00            /usr/lib/systemd/systemd-udevd
I, [2022-03-24T11:39:21.131988 #68397]  INFO -- Kitchen: root                18972               18642               0                   10:36               ?                   00:00:00            /usr/lib/systemd/systemd-userdbd
I, [2022-03-24T11:39:21.132006 #68397]  INFO -- Kitchen: root                19272               18972               0                   10:36               ?                   00:00:00            systemd-userwork
I, [2022-03-24T11:39:21.132024 #68397]  INFO -- Kitchen: root                19281               18972               0                   10:36               ?                   00:00:00            systemd-userwork
I, [2022-03-24T11:39:21.132043 #68397]  INFO -- Kitchen: root                19282               18972               0                   10:36               ?                   00:00:00            systemd-userwork
I, [2022-03-24T11:39:21.417941 #68397]  INFO -- Kitchen: 36f673392d70d83cf9456c05ae2fc84403defb30e68af6dfe7d0eaf0f494a51e
I, [2022-03-24T11:39:21.600616 #68397]  INFO -- Kitchen: 36f673392d70d83cf9456c05ae2fc84403defb30e68af6dfe7d0eaf0f494a51e
I, [2022-03-24T11:39:21.633856 #68397]  INFO -- Kitchen: -----> Test Kitchen is finished. (0m0.95s)
